
*** Running xst
    with args -ifn "mojo_top_0.xst" -ofn "mojo_top_0.srp" -intstyle ise

Reading design: mojo_top_0.prj

=========================================================================
*                          HDL Parsing                                  *
=========================================================================
Analyzing Verilog file "C:/Users/User/Documents/mojo/1DCO3/work/planAhead/1DCO3/1DCO3.srcs/sources_1/imports/verilog/multiplier_12.v" into library work
Parsing module <multiplier_12>.
Analyzing Verilog file "C:/Users/User/Documents/mojo/1DCO3/work/planAhead/1DCO3/1DCO3.srcs/sources_1/imports/verilog/adder_11.v" into library work
Parsing module <adder_11>.
Analyzing Verilog file "C:/Users/User/Documents/mojo/1DCO3/work/planAhead/1DCO3/1DCO3.srcs/sources_1/imports/verilog/shifter_9.v" into library work
Parsing module <shifter_9>.
Analyzing Verilog file "C:/Users/User/Documents/mojo/1DCO3/work/planAhead/1DCO3/1DCO3.srcs/sources_1/imports/verilog/seven_seg_5.v" into library work
Parsing module <seven_seg_5>.
Analyzing Verilog file "C:/Users/User/Documents/mojo/1DCO3/work/planAhead/1DCO3/1DCO3.srcs/sources_1/imports/verilog/decoder_6.v" into library work
Parsing module <decoder_6>.
Analyzing Verilog file "C:/Users/User/Documents/mojo/1DCO3/work/planAhead/1DCO3/1DCO3.srcs/sources_1/imports/verilog/counter_4.v" into library work
Parsing module <counter_4>.
Analyzing Verilog file "C:/Users/User/Documents/mojo/1DCO3/work/planAhead/1DCO3/1DCO3.srcs/sources_1/imports/verilog/cmp_10.v" into library work
Parsing module <cmp_10>.
Analyzing Verilog file "C:/Users/User/Documents/mojo/1DCO3/work/planAhead/1DCO3/1DCO3.srcs/sources_1/imports/verilog/boole_8.v" into library work
Parsing module <boole_8>.
Analyzing Verilog file "C:/Users/User/Documents/mojo/1DCO3/work/planAhead/1DCO3/1DCO3.srcs/sources_1/imports/verilog/adder8bit_7.v" into library work
Parsing module <adder8bit_7>.
Analyzing Verilog file "C:/Users/User/Documents/mojo/1DCO3/work/planAhead/1DCO3/1DCO3.srcs/sources_1/imports/verilog/reset_conditioner_1.v" into library work
Parsing module <reset_conditioner_1>.
Analyzing Verilog file "C:/Users/User/Documents/mojo/1DCO3/work/planAhead/1DCO3/1DCO3.srcs/sources_1/imports/verilog/multi_seven_seg_2.v" into library work
Parsing module <multi_seven_seg_2>.
Analyzing Verilog file "C:/Users/User/Documents/mojo/1DCO3/work/planAhead/1DCO3/1DCO3.srcs/sources_1/imports/verilog/alu8bit_3.v" into library work
Parsing module <alu8bit_3>.
Analyzing Verilog file "C:/Users/User/Documents/mojo/1DCO3/work/planAhead/1DCO3/1DCO3.srcs/sources_1/imports/verilog/mojo_top_0.v" into library work
Parsing module <mojo_top_0>.

=========================================================================
*                            HDL Elaboration                            *
=========================================================================

Elaborating module <mojo_top_0>.

Elaborating module <reset_conditioner_1>.

Elaborating module <multi_seven_seg_2>.

Elaborating module <counter_4>.

Elaborating module <seven_seg_5>.

Elaborating module <decoder_6>.

Elaborating module <alu8bit_3>.

Elaborating module <adder8bit_7>.

Elaborating module <adder_11>.

Elaborating module <multiplier_12>.

Elaborating module <boole_8>.

Elaborating module <shifter_9>.

Elaborating module <cmp_10>.

=========================================================================
*                           HDL Synthesis                               *
=========================================================================

Synthesizing Unit <mojo_top_0>.
    Related source file is "C:/Users/User/Documents/mojo/1DCO3/work/planAhead/1DCO3/1DCO3.srcs/sources_1/imports/verilog/mojo_top_0.v".
WARNING:Xst:647 - Input <io_dip<7:6>> is never used. This port will be preserved and left unconnected if it belongs to a top-level block or it belongs to a sub-block and the hierarchy of this sub-block is preserved.
WARNING:Xst:647 - Input <cclk> is never used. This port will be preserved and left unconnected if it belongs to a top-level block or it belongs to a sub-block and the hierarchy of this sub-block is preserved.
WARNING:Xst:647 - Input <spi_ss> is never used. This port will be preserved and left unconnected if it belongs to a top-level block or it belongs to a sub-block and the hierarchy of this sub-block is preserved.
WARNING:Xst:647 - Input <spi_mosi> is never used. This port will be preserved and left unconnected if it belongs to a top-level block or it belongs to a sub-block and the hierarchy of this sub-block is preserved.
WARNING:Xst:647 - Input <spi_sck> is never used. This port will be preserved and left unconnected if it belongs to a top-level block or it belongs to a sub-block and the hierarchy of this sub-block is preserved.
WARNING:Xst:647 - Input <avr_tx> is never used. This port will be preserved and left unconnected if it belongs to a top-level block or it belongs to a sub-block and the hierarchy of this sub-block is preserved.
WARNING:Xst:647 - Input <avr_rx_busy> is never used. This port will be preserved and left unconnected if it belongs to a top-level block or it belongs to a sub-block and the hierarchy of this sub-block is preserved.
    Found 6-bit register for signal <M_state_q>.
    Found 29-bit register for signal <M_counter_q>.
    Found finite state machine <FSM_0> for signal <M_state_q>.
    -----------------------------------------------------------------------
    | States             | 44                                             |
    | Transitions        | 166                                            |
    | Inputs             | 36                                             |
    | Outputs            | 6                                              |
    | Clock              | clk (rising_edge)                              |
    | Reset              | M_reset_cond_out (positive)                    |
    | Reset type         | synchronous                                    |
    | Reset State        | 000000                                         |
    | Power Up State     | 000000                                         |
    | Encoding           | auto                                           |
    | Implementation     | LUT                                            |
    -----------------------------------------------------------------------
    Found 8-bit adder for signal <M_myalu_out[7]_GND_1_o_add_122_OUT> created at line 369.
    Found 29-bit adder for signal <M_counter_q[28]_GND_1_o_add_474_OUT> created at line 1015.
    Found 1-bit tristate buffer for signal <spi_miso> created at line 121
    Found 1-bit tristate buffer for signal <spi_channel<3>> created at line 121
    Found 1-bit tristate buffer for signal <spi_channel<2>> created at line 121
    Found 1-bit tristate buffer for signal <spi_channel<1>> created at line 121
    Found 1-bit tristate buffer for signal <spi_channel<0>> created at line 121
    Found 1-bit tristate buffer for signal <avr_rx> created at line 121
    Summary:
	inferred   2 Adder/Subtractor(s).
	inferred  29 D-type flip-flop(s).
	inferred 196 Multiplexer(s).
	inferred   6 Tristate(s).
	inferred   1 Finite State Machine(s).
Unit <mojo_top_0> synthesized.

Synthesizing Unit <reset_conditioner_1>.
    Related source file is "C:/Users/User/Documents/mojo/1DCO3/work/planAhead/1DCO3/1DCO3.srcs/sources_1/imports/verilog/reset_conditioner_1.v".
    Found 4-bit register for signal <M_stage_q>.
    Summary:
	inferred   4 D-type flip-flop(s).
Unit <reset_conditioner_1> synthesized.

Synthesizing Unit <multi_seven_seg_2>.
    Related source file is "C:/Users/User/Documents/mojo/1DCO3/work/planAhead/1DCO3/1DCO3.srcs/sources_1/imports/verilog/multi_seven_seg_2.v".
    Found 4-bit adder for signal <M_ctr_value[1]_GND_3_o_add_0_OUT> created at line 48.
    Found 31-bit shifter logical right for signal <n0010> created at line 48
    Summary:
	inferred   1 Adder/Subtractor(s).
	inferred   1 Combinational logic shifter(s).
Unit <multi_seven_seg_2> synthesized.

Synthesizing Unit <counter_4>.
    Related source file is "C:/Users/User/Documents/mojo/1DCO3/work/planAhead/1DCO3/1DCO3.srcs/sources_1/imports/verilog/counter_4.v".
    Found 18-bit register for signal <M_ctr_q>.
    Found 18-bit adder for signal <M_ctr_q[17]_GND_4_o_add_0_OUT> created at line 35.
    Summary:
	inferred   1 Adder/Subtractor(s).
	inferred  18 D-type flip-flop(s).
	inferred   1 Multiplexer(s).
Unit <counter_4> synthesized.

Synthesizing Unit <seven_seg_5>.
    Related source file is "C:/Users/User/Documents/mojo/1DCO3/work/planAhead/1DCO3/1DCO3.srcs/sources_1/imports/verilog/seven_seg_5.v".
    Found 16x7-bit Read Only RAM for signal <segs>
    Summary:
	inferred   1 RAM(s).
Unit <seven_seg_5> synthesized.

Synthesizing Unit <decoder_6>.
    Related source file is "C:/Users/User/Documents/mojo/1DCO3/work/planAhead/1DCO3/1DCO3.srcs/sources_1/imports/verilog/decoder_6.v".
    Summary:
	no macro.
Unit <decoder_6> synthesized.

Synthesizing Unit <alu8bit_3>.
    Related source file is "C:/Users/User/Documents/mojo/1DCO3/work/planAhead/1DCO3/1DCO3.srcs/sources_1/imports/verilog/alu8bit_3.v".
    Found 8-bit 4-to-1 multiplexer for signal <out> created at line 86.
    Summary:
	inferred   1 Multiplexer(s).
Unit <alu8bit_3> synthesized.

Synthesizing Unit <adder8bit_7>.
    Related source file is "C:/Users/User/Documents/mojo/1DCO3/work/planAhead/1DCO3/1DCO3.srcs/sources_1/imports/verilog/adder8bit_7.v".
    Summary:
	inferred   1 Multiplexer(s).
Unit <adder8bit_7> synthesized.

Synthesizing Unit <adder_11>.
    Related source file is "C:/Users/User/Documents/mojo/1DCO3/work/planAhead/1DCO3/1DCO3.srcs/sources_1/imports/verilog/adder_11.v".
    Found 8-bit subtractor for signal <a[7]_b[7]_sub_2_OUT> created at line 26.
    Found 8-bit adder for signal <a[7]_b[7]_add_2_OUT> created at line 29.
    Summary:
	inferred   1 Adder/Subtractor(s).
	inferred   1 Multiplexer(s).
Unit <adder_11> synthesized.

Synthesizing Unit <multiplier_12>.
    Related source file is "C:/Users/User/Documents/mojo/1DCO3/work/planAhead/1DCO3/1DCO3.srcs/sources_1/imports/verilog/multiplier_12.v".
    Found 8x8-bit multiplier for signal <n0003> created at line 16.
    Summary:
	inferred   1 Multiplier(s).
Unit <multiplier_12> synthesized.

Synthesizing Unit <boole_8>.
    Related source file is "C:/Users/User/Documents/mojo/1DCO3/work/planAhead/1DCO3/1DCO3.srcs/sources_1/imports/verilog/boole_8.v".
    Found 8-bit 16-to-1 multiplexer for signal <boole> created at line 18.
    Summary:
	inferred   1 Multiplexer(s).
Unit <boole_8> synthesized.

Synthesizing Unit <shifter_9>.
    Related source file is "C:/Users/User/Documents/mojo/1DCO3/work/planAhead/1DCO3/1DCO3.srcs/sources_1/imports/verilog/shifter_9.v".
    Found 8-bit shifter logical left for signal <a[7]_b[7]_shift_left_0_OUT> created at line 23
    Found 8-bit shifter logical right for signal <a[7]_b[7]_shift_right_1_OUT> created at line 26
    Found 8-bit shifter arithmetic right for signal <a[7]_b[7]_shift_right_2_OUT> created at line 32
    Found 8-bit 4-to-1 multiplexer for signal <shift> created at line 18.
    Summary:
	inferred   4 Multiplexer(s).
	inferred   3 Combinational logic shifter(s).
Unit <shifter_9> synthesized.

Synthesizing Unit <cmp_10>.
    Related source file is "C:/Users/User/Documents/mojo/1DCO3/work/planAhead/1DCO3/1DCO3.srcs/sources_1/imports/verilog/cmp_10.v".
WARNING:Xst:653 - Signal <cmp<7:1>> is used but never assigned. This sourceless signal will be automatically connected to value GND.
    Found 1-bit 4-to-1 multiplexer for signal <cmp<0>> created at line 19.
    Summary:
	inferred   1 Multiplexer(s).
Unit <cmp_10> synthesized.

=========================================================================
HDL Synthesis Report

Macro Statistics
# RAMs                                                 : 1
 16x7-bit single-port Read Only RAM                    : 1
# Multipliers                                          : 1
 8x8-bit multiplier                                    : 1
# Adders/Subtractors                                   : 5
 18-bit adder                                          : 1
 29-bit adder                                          : 1
 4-bit adder                                           : 1
 8-bit adder                                           : 1
 8-bit addsub                                          : 1
# Registers                                            : 3
 18-bit register                                       : 1
 29-bit register                                       : 1
 4-bit register                                        : 1
# Multiplexers                                         : 206
 1-bit 4-to-1 multiplexer                              : 1
 16-bit 2-to-1 multiplexer                             : 16
 18-bit 2-to-1 multiplexer                             : 1
 24-bit 2-to-1 multiplexer                             : 25
 29-bit 2-to-1 multiplexer                             : 105
 6-bit 2-to-1 multiplexer                              : 24
 8-bit 16-to-1 multiplexer                             : 1
 8-bit 2-to-1 multiplexer                              : 31
 8-bit 4-to-1 multiplexer                              : 2
# Logic shifters                                       : 4
 31-bit shifter logical right                          : 1
 8-bit shifter arithmetic right                        : 1
 8-bit shifter logical left                            : 1
 8-bit shifter logical right                           : 1
# Tristates                                            : 6
 1-bit tristate buffer                                 : 6
# FSMs                                                 : 1
# Xors                                                 : 2
 1-bit xor2                                            : 1
 8-bit xor2                                            : 1

=========================================================================

=========================================================================
*                       Advanced HDL Synthesis                          *
=========================================================================


Synthesizing (advanced) Unit <counter_4>.
The following registers are absorbed into counter <M_ctr_q>: 1 register on signal <M_ctr_q>.
Unit <counter_4> synthesized (advanced).

Synthesizing (advanced) Unit <seven_seg_5>.
INFO:Xst:3218 - HDL ADVISOR - The RAM <Mram_segs> will be implemented on LUTs either because you have described an asynchronous read or because of currently unsupported block RAM features. If you have described an asynchronous read, making it synchronous would allow you to take advantage of available block RAM resources, for optimized device usage and improved timings. Please refer to your documentation for coding guidelines.
    -----------------------------------------------------------------------
    | ram_type           | Distributed                         |          |
    -----------------------------------------------------------------------
    | Port A                                                              |
    |     aspect ratio   | 16-word x 7-bit                     |          |
    |     weA            | connected to signal <GND>           | high     |
    |     addrA          | connected to signal <char>          |          |
    |     diA            | connected to signal <GND>           |          |
    |     doA            | connected to signal <segs>          |          |
    -----------------------------------------------------------------------
Unit <seven_seg_5> synthesized (advanced).

=========================================================================
Advanced HDL Synthesis Report

Macro Statistics
# RAMs                                                 : 1
 16x7-bit single-port distributed Read Only RAM        : 1
# Multipliers                                          : 1
 8x8-bit multiplier                                    : 1
# Adders/Subtractors                                   : 4
 29-bit adder                                          : 1
 4-bit adder                                           : 1
 8-bit adder                                           : 1
 8-bit addsub                                          : 1
# Counters                                             : 1
 18-bit up counter                                     : 1
# Registers                                            : 33
 Flip-Flops                                            : 33
# Multiplexers                                         : 205
 1-bit 4-to-1 multiplexer                              : 1
 16-bit 2-to-1 multiplexer                             : 16
 24-bit 2-to-1 multiplexer                             : 25
 29-bit 2-to-1 multiplexer                             : 105
 6-bit 2-to-1 multiplexer                              : 24
 8-bit 16-to-1 multiplexer                             : 1
 8-bit 2-to-1 multiplexer                              : 31
 8-bit 4-to-1 multiplexer                              : 2
# Logic shifters                                       : 4
 31-bit shifter logical right                          : 1
 8-bit shifter arithmetic right                        : 1
 8-bit shifter logical left                            : 1
 8-bit shifter logical right                           : 1
# FSMs                                                 : 1
# Xors                                                 : 2
 1-bit xor2                                            : 1
 8-bit xor2                                            : 1

=========================================================================

=========================================================================
*                         Low Level Synthesis                           *
=========================================================================
Analyzing FSM <MFsm> for best encoding.
Optimizing FSM <FSM_0> on signal <M_state_q[1:6]> with user encoding.
--------------------
 State  | Encoding
--------------------
 000000 | 000000
 000001 | 000001
 000010 | 000010
 000011 | 000011
 000100 | 000100
 000101 | 000101
 001011 | 001011
 000110 | 000110
 000111 | 000111
 001000 | 001000
 001001 | 001001
 001010 | 001010
 001100 | 001100
 011101 | 011101
 001101 | 001101
 001110 | 001110
 001111 | 001111
 010000 | 010000
 010001 | 010001
 010010 | 010010
 010011 | 010011
 010100 | 010100
 010101 | 010101
 010110 | 010110
 010111 | 010111
 011000 | 011000
 011001 | 011001
 011010 | 011010
 011011 | 011011
 011100 | 011100
 011110 | 011110
 100010 | 100010
 011111 | 011111
 100000 | 100000
 100001 | 100001
 100011 | 100011
 101011 | 101011
 100100 | 100100
 100101 | 100101
 100110 | 100110
 100111 | 100111
 101000 | 101000
 101001 | 101001
 101010 | 101010
--------------------

Optimizing unit <mojo_top_0> ...

Optimizing unit <adder_11> ...

Optimizing unit <boole_8> ...

Mapping all equations...
Building and optimizing final netlist ...
Found area constraint ratio of 100 (+ 0) on block mojo_top_0, actual ratio is 12.
FlipFlop M_state_q_FSM_FFd1 has been replicated 3 time(s)
FlipFlop M_state_q_FSM_FFd2 has been replicated 3 time(s)
FlipFlop M_state_q_FSM_FFd3 has been replicated 3 time(s)
FlipFlop M_state_q_FSM_FFd4 has been replicated 3 time(s)
FlipFlop M_state_q_FSM_FFd5 has been replicated 2 time(s)
FlipFlop M_state_q_FSM_FFd6 has been replicated 2 time(s)

Final Macro Processing ...

Processing Unit <mojo_top_0> :
INFO:Xst:741 - HDL ADVISOR - A 4-bit shift register was found for signal <reset_cond/M_stage_q_3> and currently occupies 4 logic cells (2 slices). Removing the set/reset logic would take advantage of SRL32 (and derived) primitives and reduce this to 1 logic cells (1 slices). Evaluate if the set/reset can be removed for this simple shift register. The majority of simple pipeline structures do not need to be set/reset operationally.
Unit <mojo_top_0> processed.

=========================================================================
Final Register Report

Macro Statistics
# Registers                                            : 73
 Flip-Flops                                            : 73

=========================================================================

=========================================================================
*                           Partition Report                            *
=========================================================================

Partition Implementation Status
-------------------------------

  No Partitions were found in this design.

-------------------------------

=========================================================================
*                            Design Summary                             *
=========================================================================

Clock Information:
------------------
-----------------------------------+------------------------+-------+
Clock Signal                       | Clock buffer(FF name)  | Load  |
-----------------------------------+------------------------+-------+
clk                                | BUFGP                  | 73    |
-----------------------------------+------------------------+-------+

Asynchronous Control Signals Information:
----------------------------------------
No asynchronous control signals found in this design

Timing Summary:
---------------
Speed Grade: -2

   Minimum period: 15.725ns (Maximum Frequency: 63.593MHz)
   Minimum input arrival time before clock: 14.839ns
   Maximum output required time after clock: 18.090ns
   Maximum combinational path delay: 17.170ns

=========================================================================
